<?xml version="1.0" encoding="UTF-8"?>
<testsuite name="Sanity Test"
           tests="3"
           failures="0"
           errors="0"
           skipped="0"
           time="7.793">
  <properties />
  
  
            <testcase name="verifyTheErrorMessageWithInValidCredentials" time="2.873" classname="com.nopcommerce.demo.testsuite.LoginPageTest" />
                <testcase name="verifyThatUserShouldLogInSuccessFullyWithValidCredentials" time="3.140" classname="com.nopcommerce.demo.testsuite.LoginPageTest" />
                <testcase name="userShouldNavigateToLoginPageSuccessFully" time="1.780" classname="com.nopcommerce.demo.testsuite.LoginPageTest" />
      
</testsuite>
